<?xml version="1.0" encoding="UTF-8"?>
<testng-results skipped="0" failed="0" ignored="0" total="1" passed="1">
  <reporter-output>
  </reporter-output>
  <suite name="Suite" duration-ms="17735" started-at="2021-02-08T17:59:15Z" finished-at="2021-02-08T17:59:32Z">
    <groups>
    </groups>
    <test name="Test" duration-ms="17735" started-at="2021-02-08T17:59:15Z" finished-at="2021-02-08T17:59:32Z">
      <class name="mypackage.Test8">
        <test-method status="PASS" signature="Message()[pri:0, instance:mypackage.Test8@1ed4004b]" name="Message" duration-ms="17690" started-at="2021-02-08T17:59:15Z" finished-at="2021-02-08T17:59:32Z">
          <reporter-output>
          </reporter-output>
        </test-method> <!-- Message -->
      </class> <!-- mypackage.Test8 -->
    </test> <!-- Test -->
  </suite> <!-- Suite -->
</testng-results>
